<?xml version="1.0" encoding="UTF-8"?>
<!-- Generated by org.testng.reporters.JUnitReportReporter -->
<testsuite skipped="0" hostname="BLRKEC334480D" name="app.tests.EndToEndTestCases" tests="1" failures="0" timestamp="07 Aug 2018 05:19:18 GMT" time="124.111" errors="1">
  <testcase name="checkoutProduct" time="124.111" classname="app.tests.EndToEndTestCases">
    <error type="org.openqa.selenium.NoSuchElementException" message="An element could not be located on the page using the given search parameters. (WARNING: The server did not provide any stacktrace information)
Command duration or timeout: 0 milliseconds
For documentation on this error, please visit: http://seleniumhq.org/exceptions/no_such_element.html
Build info: version: &#039;3.8.1&#039;, revision: &#039;6e95a6684b&#039;, time: &#039;2017-12-01T19:05:14.666Z&#039;
System info: host: &#039;BLRKEC334480D&#039;, ip: &#039;172.21.6.91&#039;, os.name: &#039;Windows 8.1&#039;, os.arch: &#039;amd64&#039;, os.version: &#039;6.3&#039;, java.version: &#039;1.8.0_131&#039;
Driver info: io.appium.java_client.android.AndroidDriver
Capabilities {app: C:\Users\aswathy_krishnan\D..., appActivity: com.ebay.mobile.activities...., appPackage: com.ebay.mobile, appWaitActivity: com.ebay.mobile.activities...., appWaitPackage: com.ebay.mobile, browserName: , databaseEnabled: false, desired: {app: C:\Users\aswathy_krishnan\D..., appPackage: com.ebay.mobile, browserName: , deviceName: 1c71acda, fullReset: false, launchActivity: com.ebay.mobile.MainActivity, noReset: true, platformName: Android, platformVersion: 5.1.1}, deviceManufacturer: LENOVO, deviceModel: Lenovo A6020a46, deviceName: 1c71acda, deviceScreenSize: 1080x1920, deviceUDID: 1c71acda, fullReset: false, javascriptEnabled: true, launchActivity: com.ebay.mobile.MainActivity, locationContextEnabled: false, networkConnectionEnabled: true, noReset: true, platform: LINUX, platformName: LINUX, platformVersion: 5.1.1, takesScreenshot: true, warnings: {}, webStorageEnabled: false}
Session ID: d52976aa-693c-49de-b1dd-fd942ab94c12
*** Element info: {Using=id, value=com.ebay.mobile:id/take_act}">
      <![CDATA[org.openqa.selenium.NoSuchElementException: An element could not be located on the page using the given search parameters. (WARNING: The server did not provide any stacktrace information)
Command duration or timeout: 0 milliseconds
For documentation on this error, please visit: http://seleniumhq.org/exceptions/no_such_element.html
Build info: version: '3.8.1', revision: '6e95a6684b', time: '2017-12-01T19:05:14.666Z'
System info: host: 'BLRKEC334480D', ip: '172.21.6.91', os.name: 'Windows 8.1', os.arch: 'amd64', os.version: '6.3', java.version: '1.8.0_131'
Driver info: io.appium.java_client.android.AndroidDriver
Capabilities {app: C:\Users\aswathy_krishnan\D..., appActivity: com.ebay.mobile.activities...., appPackage: com.ebay.mobile, appWaitActivity: com.ebay.mobile.activities...., appWaitPackage: com.ebay.mobile, browserName: , databaseEnabled: false, desired: {app: C:\Users\aswathy_krishnan\D..., appPackage: com.ebay.mobile, browserName: , deviceName: 1c71acda, fullReset: false, launchActivity: com.ebay.mobile.MainActivity, noReset: true, platformName: Android, platformVersion: 5.1.1}, deviceManufacturer: LENOVO, deviceModel: Lenovo A6020a46, deviceName: 1c71acda, deviceScreenSize: 1080x1920, deviceUDID: 1c71acda, fullReset: false, javascriptEnabled: true, launchActivity: com.ebay.mobile.MainActivity, locationContextEnabled: false, networkConnectionEnabled: true, noReset: true, platform: LINUX, platformName: LINUX, platformVersion: 5.1.1, takesScreenshot: true, warnings: {}, webStorageEnabled: false}
Session ID: d52976aa-693c-49de-b1dd-fd942ab94c12
*** Element info: {Using=id, value=com.ebay.mobile:id/take_act}
	at sun.reflect.NativeConstructorAccessorImpl.newInstance0(Native Method)
	at sun.reflect.NativeConstructorAccessorImpl.newInstance(Unknown Source)
	at sun.reflect.DelegatingConstructorAccessorImpl.newInstance(Unknown Source)
	at java.lang.reflect.Constructor.newInstance(Unknown Source)
	at org.openqa.selenium.remote.ErrorHandler.createThrowable(ErrorHandler.java:214)
	at org.openqa.selenium.remote.ErrorHandler.throwIfResponseFailed(ErrorHandler.java:166)
	at org.openqa.selenium.remote.http.JsonHttpResponseCodec.reconstructValue(JsonHttpResponseCodec.java:40)
	at org.openqa.selenium.remote.http.AbstractHttpResponseCodec.decode(AbstractHttpResponseCodec.java:80)
	at org.openqa.selenium.remote.http.AbstractHttpResponseCodec.decode(AbstractHttpResponseCodec.java:44)
	at org.openqa.selenium.remote.HttpCommandExecutor.execute(HttpCommandExecutor.java:164)
	at io.appium.java_client.remote.AppiumCommandExecutor.execute(AppiumCommandExecutor.java:89)
	at org.openqa.selenium.remote.RemoteWebDriver.execute(RemoteWebDriver.java:601)
	at io.appium.java_client.DefaultGenericMobileDriver.execute(DefaultGenericMobileDriver.java:42)
	at io.appium.java_client.AppiumDriver.execute(AppiumDriver.java:1)
	at io.appium.java_client.android.AndroidDriver.execute(AndroidDriver.java:1)
	at org.openqa.selenium.remote.RemoteWebDriver.findElement(RemoteWebDriver.java:371)
	at io.appium.java_client.DefaultGenericMobileDriver.findElement(DefaultGenericMobileDriver.java:62)
	at io.appium.java_client.AppiumDriver.findElement(AppiumDriver.java:1)
	at io.appium.java_client.android.AndroidDriver.findElement(AndroidDriver.java:1)
	at org.openqa.selenium.remote.RemoteWebDriver.findElementById(RemoteWebDriver.java:417)
	at io.appium.java_client.DefaultGenericMobileDriver.findElementById(DefaultGenericMobileDriver.java:70)
	at io.appium.java_client.AppiumDriver.findElementById(AppiumDriver.java:1)
	at io.appium.java_client.android.AndroidDriver.findElementById(AndroidDriver.java:1)
	at org.openqa.selenium.By$ById.findElement(By.java:218)
	at org.openqa.selenium.remote.RemoteWebDriver.findElement(RemoteWebDriver.java:363)
	at io.appium.java_client.DefaultGenericMobileDriver.findElement(DefaultGenericMobileDriver.java:58)
	at io.appium.java_client.AppiumDriver.findElement(AppiumDriver.java:1)
	at io.appium.java_client.android.AndroidDriver.findElement(AndroidDriver.java:1)
	at core.Action.findElement(Unknown Source)
	at app.pages.ProductDetailsPage.clickOnReviewButton(Unknown Source)
	at app.tests.EndToEndTestCases.checkoutProduct(Unknown Source)
	at sun.reflect.NativeMethodAccessorImpl.invoke0(Native Method)
	at sun.reflect.NativeMethodAccessorImpl.invoke(Unknown Source)
	at sun.reflect.DelegatingMethodAccessorImpl.invoke(Unknown Source)
	at java.lang.reflect.Method.invoke(Unknown Source)
	at org.testng.internal.MethodInvocationHelper.invokeMethod(MethodInvocationHelper.java:108)
	at org.testng.internal.Invoker.invokeMethod(Invoker.java:661)
	at org.testng.internal.Invoker.invokeTestMethod(Invoker.java:869)
	at org.testng.internal.Invoker.invokeTestMethods(Invoker.java:1193)
	at org.testng.internal.TestMethodWorker.invokeTestMethods(TestMethodWorker.java:126)
	at org.testng.internal.TestMethodWorker.run(TestMethodWorker.java:109)
	at java.util.concurrent.ThreadPoolExecutor.runWorker(Unknown Source)
	at java.util.concurrent.ThreadPoolExecutor$Worker.run(Unknown Source)
	at java.lang.Thread.run(Unknown Source)
]]>
    </error>
  </testcase> <!-- checkoutProduct -->
</testsuite> <!-- app.tests.EndToEndTestCases -->
