<html>
<head>
<title>TestNG:  Command line test 991840dc-5d47-48d3-be74-d52be6ef9ce0</title>
<link href="../testng.css" rel="stylesheet" type="text/css" />
<link href="../my-testng.css" rel="stylesheet" type="text/css" />

<style type="text/css">
.log { display: none;} 
.stack-trace { display: none;} 
</style>
<script type="text/javascript">
<!--
function flip(e) {
  current = e.style.display;
  if (current == 'block') {
    e.style.display = 'none';
    return 0;
  }
  else {
    e.style.display = 'block';
    return 1;
  }
}

function toggleBox(szDivId, elem, msg1, msg2)
{
  var res = -1;  if (document.getElementById) {
    res = flip(document.getElementById(szDivId));
  }
  else if (document.all) {
    // this is the way old msie versions work
    res = flip(document.all[szDivId]);
  }
  if(elem) {
    if(res == 0) elem.innerHTML = msg1; else elem.innerHTML = msg2;
  }

}

function toggleAllBoxes() {
  if (document.getElementsByTagName) {
    d = document.getElementsByTagName('div');
    for (i = 0; i < d.length; i++) {
      if (d[i].className == 'log') {
        flip(d[i]);
      }
    }
  }
}

// -->
</script>

</head>
<body>
<h2 align='center'>Command line test 991840dc-5d47-48d3-be74-d52be6ef9ce0</h2><table border='1' align="center">
<tr>
<td>Tests passed/Failed/Skipped:</td><td>0/1/0</td>
</tr><tr>
<td>Started on:</td><td>Mon Aug 06 15:11:06 IST 2018</td>
</tr>
<tr><td>Total time:</td><td>228 seconds (228724 ms)</td>
</tr><tr>
<td>Included groups:</td><td>checkoutProduct </td>
</tr><tr>
<td>Excluded groups:</td><td></td>
</tr>
</table><p/>
<small><i>(Hover the method name to see the test class name)</i></small><p/>
<table width='100%' border='1' class='invocation-failed'>
<tr><td colspan='4' align='center'><b>FAILED TESTS</b></td></tr>
<tr><td><b>Test method</b></td>
<td width="30%"><b>Exception</b></td>
<td width="10%"><b>Time (seconds)</b></td>
<td><b>Instance</b></td>
</tr>
<tr>
<td title='app.tests.EndToEndTestCases.checkoutProduct()'><b>checkoutProduct</b><br>Test class: app.tests.EndToEndTestCases<br/>
<a href="#Output-1396295170" onClick='toggleBox("Output-1396295170", this, "Show output", "Hide output");'>Show output</a>

<a href="#Output-1396295170" onClick="toggleAllBoxes();">Show all outputs</a>
<div class='log' id="Output-1396295170">
06-Aug-2018 03:11:29 PM : Entering the login credentials: Username-macuser@gmail.com Password-androiduser123<br/>
06-Aug-2018 03:12:26 PM : Search Item:65-inch TV<br/>
06-Aug-2018 03:12:52 PM : Clicking on a random product at position:1<br/>
06-Aug-2018 03:13:04 PM : Verifying whether product name and price matches with that of search results page<br/>
06-Aug-2018 03:13:07 PM : Add the product to cart<br/>
06-Aug-2018 03:13:12 PM : Choose default quantity<br/>
06-Aug-2018 03:13:21 PM : Click on review button<br/>
06-Aug-2018 03:13:32 PM : Check if error page is loaded<br/>
06-Aug-2018 03:13:35 PM : Click on any button to exit the error page<br/>
06-Aug-2018 03:13:37 PM : The element:Continue Shopping button could not be clicked<br/>
06-Aug-2018 03:13:41 PM : User Sign out<br/>
<a href='./screenshots/checkoutProduct.png'>Screenshot</a><br/>
06-Aug-2018 03:14:25 PM : User Sign out<br/>
06-Aug-2018 03:14:55 PM : The element:Setting button could not be clicked<br/>
</div>
</td>
<td><div><pre>java.lang.AssertionError: Sign Out is successful; expected [true] but found [false]
	at app.pages.HomePage.signOut(Unknown Source)
	at app.tests.EndToEndTestCases.checkoutProduct(Unknown Source)
	at java.util.concurrent.ThreadPoolExecutor.runWorker(ThreadPoolExecutor.java:1149)
	at java.util.concurrent.ThreadPoolExecutor$Worker.run(ThreadPoolExecutor.java:624)
	at java.lang.Thread.run(Thread.java:748)
... Removed 13 stack frames</pre></div><a href='#' onClick='toggleBox("stack-trace1396295170", this, "Click to show all stack frames", "Click to hide stack frames")'>Click to show all stack frames</a>
<div class='stack-trace' id='stack-trace1396295170'><pre>java.lang.AssertionError: Sign Out is successful; expected [true] but found [false]
	at org.testng.Assert.fail(Assert.java:93)
	at org.testng.Assert.failNotEquals(Assert.java:512)
	at org.testng.Assert.assertTrue(Assert.java:41)
	at app.pages.HomePage.signOut(Unknown Source)
	at app.tests.EndToEndTestCases.checkoutProduct(Unknown Source)
	at sun.reflect.NativeMethodAccessorImpl.invoke0(Native Method)
	at sun.reflect.NativeMethodAccessorImpl.invoke(NativeMethodAccessorImpl.java:62)
	at sun.reflect.DelegatingMethodAccessorImpl.invoke(DelegatingMethodAccessorImpl.java:43)
	at java.lang.reflect.Method.invoke(Method.java:498)
	at org.testng.internal.MethodInvocationHelper.invokeMethod(MethodInvocationHelper.java:108)
	at org.testng.internal.Invoker.invokeMethod(Invoker.java:661)
	at org.testng.internal.Invoker.invokeTestMethod(Invoker.java:869)
	at org.testng.internal.Invoker.invokeTestMethods(Invoker.java:1193)
	at org.testng.internal.TestMethodWorker.invokeTestMethods(TestMethodWorker.java:126)
	at org.testng.internal.TestMethodWorker.run(TestMethodWorker.java:109)
	at java.util.concurrent.ThreadPoolExecutor.runWorker(ThreadPoolExecutor.java:1149)
	at java.util.concurrent.ThreadPoolExecutor$Worker.run(ThreadPoolExecutor.java:624)
	at java.lang.Thread.run(Thread.java:748)
</pre></div></td>
<td>180</td>
<td>app.tests.EndToEndTestCases@158ad049</td></tr>
</table><p>
</body>
</html>